<?xml version="1.0" encoding="UTF-8"?>
<!-- Generated by org.testng.reporters.JUnitReportReporter -->
<testsuite skipped="0" hostname="DESKTOP-08I2GPS" name="com.revature.ecms.loginTest.LoginWithValidDetailsTest" tests="1" failures="0" timestamp="2019-11-29T12:17:53 IST" time="1.613" errors="0">
  <testcase name="validateLogin" time="1.613" classname="com.revature.ecms.loginTest.LoginWithValidDetailsTest"/>
</testsuite> <!-- com.revature.ecms.loginTest.LoginWithValidDetailsTest -->
