<?xml version="1.0" encoding="UTF-8"?>
<!-- Generated by org.testng.reporters.JUnitReportReporter -->
<testsuite skipped="0" hostname="DESKTOP-08I2GPS" name="com.revature.ecms.loginTest.LoginWithInValidDetailsTest" tests="1" failures="0" timestamp="2019-11-29T12:44:34 IST" time="0.627" errors="0">
  <testcase name="validateLogin" time="0.627" classname="com.revature.ecms.loginTest.LoginWithInValidDetailsTest"/>
</testsuite> <!-- com.revature.ecms.loginTest.LoginWithInValidDetailsTest -->
