<?xml version="1.0" encoding="UTF-8"?>
<!-- Generated by org.testng.reporters.JUnitReportReporter -->
<testsuite skipped="0" hostname="DESKTOP-08I2GPS" name="com.yaswanth.ecms.loginTest.LoginWithInValidDetailsTest" tests="3" failures="0" timestamp="2019-12-05T18:44:28 IST" time="23.694" errors="0">
  <testcase name="validateLogin" time="0.703" classname="com.yaswanth.ecms.loginTest.LoginWithInValidDetailsTest"/>
  <testcase name="usermangementTest" time="0.004" classname="com.yaswanth.ecms.loginTest.LoginWithInValidDetailsTest"/>
  <testcase name="beforelogin" time="22.987" classname="com.yaswanth.ecms.loginTest.LoginWithInValidDetailsTest"/>
</testsuite> <!-- com.yaswanth.ecms.loginTest.LoginWithInValidDetailsTest -->
