<?xml version="1.0" encoding="UTF-8"?>
<!-- Generated by org.testng.reporters.JUnitReportReporter -->
<testsuite skipped="0" hostname="DESKTOP-08I2GPS" name="com.yaswanth.ecms.testcase.Init" tests="1" failures="0" timestamp="2019-12-05T22:11:03 IST" time="89.139" errors="0">
  <testcase name="browserpage" time="89.139" classname="com.yaswanth.ecms.testcase.Init"/>
</testsuite> <!-- com.yaswanth.ecms.testcase.Init -->
