<?xml version="1.0" encoding="UTF-8"?>
<!-- Generated by org.testng.reporters.JUnitReportReporter -->
<testsuite skipped="0" hostname="DESKTOP-08I2GPS" name="com.yaswanth.ecms.testcase.Loginpagetest" tests="4" failures="0" timestamp="2020-01-18T13:51:37 IST" time="36.060" errors="0">
  <testcase name="forgotpassword" time="1.341" classname="com.yaswanth.ecms.testcase.Loginpagetest"/>
  <testcase name="invalidCredentials" time="6.806" classname="com.yaswanth.ecms.testcase.Loginpagetest"/>
  <testcase name="validateLogin" time="10.647" classname="com.yaswanth.ecms.testcase.Loginpagetest"/>
  <testcase name="browserpage" time="17.266" classname="com.yaswanth.ecms.testcase.Loginpagetest"/>
</testsuite> <!-- com.yaswanth.ecms.testcase.Loginpagetest -->
