<?xml version="1.0" encoding="UTF-8"?>
<!-- Generated by org.testng.reporters.JUnitReportReporter -->
<testsuite skipped="0" hostname="DESKTOP-08I2GPS" name="com.yaswanth.ecms.testcase.LoginWithInValidDetailsTest" tests="3" failures="0" timestamp="2019-12-06T11:32:04 IST" time="20.950" errors="0">
  <testcase name="beforelogin" time="13.987" classname="com.yaswanth.ecms.testcase.LoginWithInValidDetailsTest"/>
  <testcase name="usermangementTest" time="0.002" classname="com.yaswanth.ecms.testcase.LoginWithInValidDetailsTest"/>
  <testcase name="validateLogin" time="6.961" classname="com.yaswanth.ecms.testcase.LoginWithInValidDetailsTest"/>
</testsuite> <!-- com.yaswanth.ecms.testcase.LoginWithInValidDetailsTest -->
