<?xml version="1.0" encoding="UTF-8"?>
<!-- Generated by org.testng.reporters.JUnitReportReporter -->
<testsuite skipped="0" hostname="DESKTOP-08I2GPS" name="com.yaswanth.ecms.testcase.usermangementpageTest" tests="9" failures="0" timestamp="2020-01-18T13:55:48 IST" time="183.934" errors="0">
  <testcase name="pageTest" time="2.315" classname="com.yaswanth.ecms.testcase.usermangementpageTest"/>
  <testcase name="validateLogin" time="6.535" classname="com.yaswanth.ecms.testcase.usermangementpageTest"/>
  <testcase name="usermanagementpageTest" time="60.242" classname="com.yaswanth.ecms.testcase.usermangementpageTest"/>
  <testcase name="searchFieldTest" time="60.711" classname="com.yaswanth.ecms.testcase.usermangementpageTest"/>
  <testcase name="activeTest" time="18.964" classname="com.yaswanth.ecms.testcase.usermangementpageTest"/>
  <testcase name="downlodeTest" time="6.297" classname="com.yaswanth.ecms.testcase.usermangementpageTest"/>
  <testcase name="beforelogin" time="13.248" classname="com.yaswanth.ecms.testcase.usermangementpageTest"/>
  <testcase name="Createuser" time="2.875" classname="com.yaswanth.ecms.testcase.usermangementpageTest"/>
  <testcase name="updateTest" time="12.747" classname="com.yaswanth.ecms.testcase.usermangementpageTest"/>
</testsuite> <!-- com.yaswanth.ecms.testcase.usermangementpageTest -->
