<?xml version="1.0" encoding="UTF-8"?>
<!-- Generated by org.testng.reporters.JUnitReportReporter -->
<testsuite skipped="0" hostname="DESKTOP-08I2GPS" name="com.revature.ecms.loginTest.LoginWithValidDetailsTest" tests="8" failures="0" timestamp="2019-12-02T23:06:14 IST" time="162.818" errors="0">
  <testcase name="searchFieldTest" time="60.342" classname="com.revature.ecms.loginTest.LoginWithValidDetailsTest"/>
  <testcase name="validateLogin" time="0.466" classname="com.revature.ecms.loginTest.LoginWithValidDetailsTest"/>
  <testcase name="pageTest" time="1.800" classname="com.revature.ecms.loginTest.LoginWithValidDetailsTest"/>
  <testcase name="activeTest" time="18.667" classname="com.revature.ecms.loginTest.LoginWithValidDetailsTest"/>
  <testcase name="Createuser" time="2.516" classname="com.revature.ecms.loginTest.LoginWithValidDetailsTest"/>
  <testcase name="downlodeTest" time="6.216" classname="com.revature.ecms.loginTest.LoginWithValidDetailsTest"/>
  <testcase name="updateTest" time="12.613" classname="com.revature.ecms.loginTest.LoginWithValidDetailsTest"/>
  <testcase name="usermanagementpageTest" time="60.198" classname="com.revature.ecms.loginTest.LoginWithValidDetailsTest"/>
</testsuite> <!-- com.revature.ecms.loginTest.LoginWithValidDetailsTest -->
